\BOOKMARK [-1][]{part.1}{Part\0401\040Fundamental\040Biochemistry\040and\040Cell\040Biology}{}% 1
\BOOKMARK [0][]{chapter.1}{1\040Protein\040Structure}{part.1}% 2
\BOOKMARK [1][]{section.1.1}{1.1\040Introduction}{chapter.1}% 3
\BOOKMARK [1][]{section.1.2}{1.2\040Polypeptide\040chain}{chapter.1}% 4
\BOOKMARK [1][]{section.1.3}{1.3\040In\040addition}{chapter.1}% 5
\BOOKMARK [0][]{chapter.2}{2\040Interactions\040in\040Proteins}{part.1}% 6
\BOOKMARK [1][]{section.2.1}{2.1\040Basic\040concepts}{chapter.2}% 7
\BOOKMARK [1][]{section.2.2}{2.2\040General\040electrostatic\040interactions}{chapter.2}% 8
\BOOKMARK [1][]{section.2.3}{2.3\040van\040der\040Waals}{chapter.2}% 9
\BOOKMARK [1][]{section.2.4}{2.4\040hydrogen\040bond}{chapter.2}% 10
\BOOKMARK [1][]{section.2.5}{2.5\040hydrophobic\040interaction}{chapter.2}% 11
\BOOKMARK [1][]{section.2.6}{2.6\040Disulfide\040bonds}{chapter.2}% 12
\BOOKMARK [0][]{chapter.3}{3\040Week2-2\040Nucleic\040Acid\040Structure}{part.1}% 13
\BOOKMARK [1][]{section.3.1}{3.1\040Components}{chapter.3}% 14
\BOOKMARK [1][]{section.3.2}{3.2\040conformation}{chapter.3}% 15
\BOOKMARK [1][]{section.3.3}{3.3\040Secondary\040structure}{chapter.3}% 16
\BOOKMARK [1][]{section.3.4}{3.4\040Forces\040to\040stablize}{chapter.3}% 17
\BOOKMARK [1][]{section.3.5}{3.5\040other}{chapter.3}% 18
\BOOKMARK [0][]{chapter.4}{4\040Structure\040of\040Cell\040Membrane}{part.1}% 19
\BOOKMARK [1][]{section.4.1}{4.1\040Lipids}{chapter.4}% 20
\BOOKMARK [1][]{section.4.2}{4.2\040lipids\040on\040the\040membrane}{chapter.4}% 21
\BOOKMARK [1][]{section.4.3}{4.3\040lipid\040rafts}{chapter.4}% 22
\BOOKMARK [1][]{section.4.4}{4.4\040proteins}{chapter.4}% 23
\BOOKMARK [1][]{section.4.5}{4.5\040micelles}{chapter.4}% 24
\BOOKMARK [1][]{section.4.6}{4.6\040lipid\040mobility}{chapter.4}% 25
\BOOKMARK [0][]{chapter.5}{5\040membrane-equilibrium}{part.1}% 26
\BOOKMARK [0][]{chapter.6}{6 核磁共振波谱}{part.1}% 27
\BOOKMARK [-1][]{part.2}{Part\0402\040Spectroscopic\040Tools\040in\040Structural\040Study}{}% 28
\BOOKMARK [0][]{chapter.7}{7\040Circular\040Dichroism}{part.2}% 29
\BOOKMARK [0][]{chapter.8}{8 原子光谱}{part.2}% 30
\BOOKMARK [0][]{chapter.9}{9 原子光谱}{part.2}% 31
\BOOKMARK [-1][]{part.3}{Part\0403\040Structural\040Transition\040and\040Interactions:\040Models\040and\040Experimental\040Tools}{}% 32
\BOOKMARK [0][]{chapter.10}{10\040Circular\040Dichroism}{part.3}% 33
\BOOKMARK [0][]{chapter.11}{11 原子光谱}{part.3}% 34
\BOOKMARK [0][]{chapter.12}{12 原子光谱}{part.3}% 35
