\BOOKMARK [0][]{chapter.1}{\376\377\0001\000\040\202\162\214\061}{}% 1
\BOOKMARK [1][]{section.1.1}{\376\377\0001\000.\0001\000\040\202\162\214\061\127\372\147\054\151\202\137\365\116\016\147\057\213\355}{chapter.1}% 2
\BOOKMARK [1][]{section.1.2}{\376\377\0001\000.\0002\000\040\202\162\214\061\116\044\131\047\164\006\213\272}{chapter.1}% 3
\BOOKMARK [1][]{section.1.3}{\376\377\0001\000.\0003\000\040\154\024\166\370\202\162\214\061\116\352}{chapter.1}% 4
\BOOKMARK [1][]{section.1.4}{\376\377\0001\000.\0004\000\040\232\330\145\110\155\262\166\370\202\162\214\061\154\325}{chapter.1}% 5
\BOOKMARK [1][]{section.1.5}{\376\377\0001\000.\0005\000\040\121\340\171\315\202\162\214\061\154\325}{chapter.1}% 6
\BOOKMARK [1][]{section.1.6}{\376\377\0001\000.\0006\000\040\153\333\176\306\173\241\165\065\122\250\202\162\214\061\124\214\153\333\176\306\173\241\165\065\154\363}{chapter.1}% 7
\BOOKMARK [0][]{chapter.2}{\376\377\0002\000\040\215\050\214\061}{}% 8
\BOOKMARK [1][]{section.2.1}{\376\377\0002\000.\0001\000\040\215\050\214\061}{chapter.2}% 9
\BOOKMARK [1][]{section.2.2}{\376\377\0002\000.\0002\000\040\215\050\214\061\116\352}{chapter.2}% 10
\BOOKMARK [1][]{section.2.3}{\376\377\0002\000.\0003\000\040\215\050\214\061\214\061\126\376\211\343\147\220}{chapter.2}% 11
\BOOKMARK [0][]{chapter.3}{\376\377\0003\000\040\175\053\131\026\000-\123\357\211\301\124\070\145\066\121\111\214\061}{}% 12
\BOOKMARK [1][]{section.3.1}{\376\377\0003\000.\0001\000\040\175\053\131\026\123\357\211\301\121\111\214\061\123\312\121\166\116\247\165\037\147\072\164\006}{chapter.3}% 13
\BOOKMARK [1][]{section.3.2}{\376\377\0003\000.\0002\000\040\137\161\124\315\175\053\131\026\000-\123\357\211\301\121\111\214\061\166\204\126\340\175\040}{chapter.3}% 14
\BOOKMARK [1][]{section.3.3}{\376\377\0003\000.\0003\000\040\175\053\131\026\000-\123\357\211\301\122\006\121\111\121\111\136\246\213\241}{chapter.3}% 15
\BOOKMARK [1][]{section.3.4}{\376\377\0003\000.\0004\000\040\175\053\131\026\123\357\211\301\124\070\145\066\121\111\214\061}{chapter.3}% 16
\BOOKMARK [0][]{chapter.4}{\376\377\0004\000\040\122\006\133\120\123\321\121\111\122\006\147\220}{}% 17
\BOOKMARK [1][]{section.4.1}{\376\377\0004\000.\0001\000\040\122\006\133\120\123\321\121\111\123\312\121\166\116\247\165\037\123\237\164\006}{chapter.4}% 18
\BOOKMARK [1][]{section.4.2}{\376\377\0004\000.\0002\000\040\203\147\121\111\133\232\221\317\122\006\147\220\127\372\170\100}{chapter.4}% 19
\BOOKMARK [1][]{section.4.3}{\376\377\0004\000.\0003\000\040\203\147\121\111\122\006\121\111\121\111\136\246\213\241}{chapter.4}% 20
\BOOKMARK [0][]{chapter.5}{\376\377\0005\000\040\176\242\131\026\124\070\145\066\121\111\214\061\116\016\142\311\146\374\121\111\214\061}{}% 21
\BOOKMARK [1][]{section.5.1}{\376\377\0005\000.\0001\000\040\176\242\131\026\121\111\214\061\166\204\116\247\165\037\147\141\116\366\123\312\123\237\164\006}{chapter.5}% 22
\BOOKMARK [1][]{section.5.2}{\376\377\0005\000.\0002\000\040\176\242\131\026\124\070\145\066\116\352\166\204\176\323\147\204}{chapter.5}% 23
\BOOKMARK [1][]{section.5.3}{\376\377\0005\000.\0003\000\040\176\242\131\026\214\061\126\376\166\204\133\230\200\375\126\342\124\070\145\066\116\016\214\061\126\376\211\343\147\220}{chapter.5}% 24
\BOOKMARK [1][]{section.5.4}{\376\377\0005\000.\0004\000\040\142\311\146\374\145\143\134\004\116\016\142\311\146\374\121\111\214\061}{chapter.5}% 25
\BOOKMARK [0][]{chapter.6}{\376\377\0006\000\040\150\070\170\301\121\161\143\057\154\342\214\061}{}% 26
\BOOKMARK [1][]{section.6.1}{\376\377\0006\000.\0001\000\040\150\070\170\301\121\161\143\057\116\247\165\037\166\204\127\372\147\054\147\141\116\366}{chapter.6}% 27
\BOOKMARK [1][]{section.6.2}{\376\377\0006\000.\0002\000\040\150\070\170\301\121\161\143\057\166\204\127\372\147\054\151\202\137\365}{chapter.6}% 28
\BOOKMARK [1][]{section.6.3}{\376\377\0006\000.\0003\000\040\201\352\145\313\000-\201\352\145\313\200\046\124\010\124\214\210\302\122\006\166\204\211\304\137\213}{chapter.6}% 29
\BOOKMARK [1][]{section.6.4}{\376\377\0006\000.\0004\000\040\116\000\176\247\214\061\126\376\166\204\211\343\147\220}{chapter.6}% 30
\BOOKMARK [1][]{section.6.5}{\376\377\0006\000.\0005\000\040\150\070\170\301\121\161\143\057\154\342\214\061\116\352}{chapter.6}% 31
\BOOKMARK [1][]{section.6.6}{\376\377\0006\000.\0006\000\040\0001\0003\000C\214\061}{chapter.6}% 32
\BOOKMARK [1][]{section.6.7}{\376\377\0006\000.\0007\000\040\211\343\214\061\117\213\230\230}{chapter.6}% 33
\BOOKMARK [0][]{chapter.7}{\376\377\0007\000\040\165\065\123\026\133\146\122\006\147\220}{}% 34
\BOOKMARK [1][]{section.7.1}{\376\377\0007\000.\0001\000\040\165\065\123\026\133\146\166\204\127\372\147\054\151\202\137\365}{chapter.7}% 35
\BOOKMARK [1][]{section.7.2}{\376\377\0007\000.\0002\000\040\165\065\117\115\122\006\147\220\154\325}{chapter.7}% 36
\BOOKMARK [1][]{section.7.3}{\376\377\0007\000.\0003\000\040\165\065\211\343\124\214\136\223\116\321\122\006\147\220\154\325}{chapter.7}% 37
\BOOKMARK [1][]{section.7.4}{\376\377\0007\000.\0004\000\040\117\017\133\211\122\006\147\220\154\325}{chapter.7}% 38
\BOOKMARK [0][]{chapter.8}{\376\377\0008\000\040\123\237\133\120\121\111\214\061}{}% 39
\BOOKMARK [1][]{section.8.1}{\376\377\0008\000.\0001\000\040\123\237\133\120\123\321\134\004\121\111\214\061\166\204\122\006\147\220\145\271\154\325}{chapter.8}% 40
\BOOKMARK [1][]{section.8.2}{\376\377\0008\000.\0002\000\040\123\237\133\120\123\321\134\004\121\111\214\061\166\204\116\352\126\150}{chapter.8}% 41
\BOOKMARK [1][]{section.8.3}{\376\377\0008\000.\0003\000\040\123\237\133\120\124\070\145\066\121\111\214\061}{chapter.8}% 42
